<?xml version="1.0" encoding="UTF-8" ?>
<testsuite tests="0" failures="0" name="CucumberFramework.AppTest" time="0" errors="0" skipped="0">
  <properties>
    <property name="java.vendor" value="Oracle Corporation"/>
    <property name="JOB_NAME" value="AutomationTest1"/>
    <property name="PWD" value="/Users/wl41/Desktop/Maven"/>
    <property name="sun.java.launcher" value="SUN_STANDARD"/>
    <property name="sun.management.compiler" value="HotSpot 64-Bit Tiered Compilers"/>
    <property name="JENKINS_HOME" value="/Users/wl41/.jenkins"/>
    <property name="PATH" value="/Library/Java/JavaVirtualMachines/jdk1.8.0_51.jdk/Contents/Home/bin:/Users/wl41/.rvm/gems/ruby-2.3.1/bin:/Users/wl41/.rvm/gems/ruby-2.3.1@global/bin:/Users/wl41/.rvm/rubies/ruby-2.3.1/bin:/usr/local/bin:/usr/bin:/bin:/usr/sbin:/sbin:/Users/wl41/.rvm/bin:/Applications/apache-maven-3.5.4/bin"/>
    <property name="HUDSON_SERVER_COOKIE" value="ddbe642fc63951cc"/>
    <property name="POM_ARTIFACTID" value="CucumberFramework"/>
    <property name="os.name" value="Mac OS X"/>
    <property name="TERM_PROGRAM" value="Apple_Terminal"/>
    <property name="sun.boot.class.path" value="/Library/Java/JavaVirtualMachines/jdk1.8.0_51.jdk/Contents/Home/jre/lib/resources.jar:/Library/Java/JavaVirtualMachines/jdk1.8.0_51.jdk/Contents/Home/jre/lib/rt.jar:/Library/Java/JavaVirtualMachines/jdk1.8.0_51.jdk/Contents/Home/jre/lib/sunrsasign.jar:/Library/Java/JavaVirtualMachines/jdk1.8.0_51.jdk/Contents/Home/jre/lib/jsse.jar:/Library/Java/JavaVirtualMachines/jdk1.8.0_51.jdk/Contents/Home/jre/lib/jce.jar:/Library/Java/JavaVirtualMachines/jdk1.8.0_51.jdk/Contents/Home/jre/lib/charsets.jar:/Library/Java/JavaVirtualMachines/jdk1.8.0_51.jdk/Contents/Home/jre/lib/jfr.jar:/Library/Java/JavaVirtualMachines/jdk1.8.0_51.jdk/Contents/Home/jre/classes"/>
    <property name="EXECUTOR_NUMBER" value="0"/>
    <property name="TERM_SESSION_ID" value="A25E838C-DEB3-4270-9917-E9EAAAF8872A"/>
    <property name="java.vm.specification.vendor" value="Oracle Corporation"/>
    <property name="POM_DISPLAYNAME" value="CucumberFramework"/>
    <property name="NODE_LABELS" value="master"/>
    <property name="java.runtime.version" value="1.8.0_51-b16"/>
    <property name="rvm_version" value="1.29.1 (latest)"/>
    <property name="user.name" value="wl41"/>
    <property name="guice.disable.misplaced.annotation.check" value="true"/>
    <property name="SECURITYSESSIONID" value="186a7"/>
    <property name="user.language" value="en"/>
    <property name="JOB_BASE_NAME" value="AutomationTest1"/>
    <property name="RUN_CHANGES_DISPLAY_URL" value="http://localhost:8080/job/AutomationTest1/3/display/redirect?page=changes"/>
    <property name="BUILD_DISPLAY_NAME" value="#3"/>
    <property name="TMPDIR" value="/var/folders/tl/r7p60zdd2yv85_555mclzzy1_g0yrr/T/"/>
    <property name="sun.boot.library.path" value="/Library/Java/JavaVirtualMachines/jdk1.8.0_51.jdk/Contents/Home/jre/lib"/>
    <property name="rvm_prefix" value="/Users/wl41"/>
    <property name="java.version" value="1.8.0_51"/>
    <property name="XPC_FLAGS" value="0x0"/>
    <property name="user.timezone" value="America/New_York"/>
    <property name="sun.arch.data.model" value="64"/>
    <property name="NODE_NAME" value="master"/>
    <property name="TERM" value="xterm-256color"/>
    <property name="http.nonProxyHosts" value="local|*.local|169.254/16|*.169.254/16"/>
    <property name="java.endorsed.dirs" value="/Library/Java/JavaVirtualMachines/jdk1.8.0_51.jdk/Contents/Home/jre/lib/endorsed"/>
    <property name="BUILD_ID" value="3"/>
    <property name="sun.cpu.isalist" value=""/>
    <property name="sun.jnu.encoding" value="UTF-8"/>
    <property name="file.encoding.pkg" value="sun.io"/>
    <property name="SHELL" value="/bin/bash"/>
    <property name="file.separator" value="/"/>
    <property name="java.specification.name" value="Java Platform API Specification"/>
    <property name="maven.conf" value="/Applications/apache-maven-3.5.4/conf"/>
    <property name="java.class.version" value="52.0"/>
    <property name="org.slf4j.simpleLogger.defaultLogLevel" value="info"/>
    <property name="user.country" value="US"/>
    <property name="java.home" value="/Library/Java/JavaVirtualMachines/jdk1.8.0_51.jdk/Contents/Home/jre"/>
    <property name="java.vm.info" value="mixed mode"/>
    <property name="os.version" value="10.13.4"/>
    <property name="RUN_DISPLAY_URL" value="http://localhost:8080/job/AutomationTest1/3/display/redirect"/>
    <property name="POM_VERSION" value="0.0.1-SNAPSHOT"/>
    <property name="sun.font.fontmanager" value="sun.font.CFontManager"/>
    <property name="path.separator" value=":"/>
    <property name="java.vm.version" value="25.51-b03"/>
    <property name="GEM_HOME" value="/Users/wl41/.rvm/gems/ruby-2.3.1"/>
    <property name="JOB_DISPLAY_URL" value="http://localhost:8080/job/AutomationTest1/display/redirect"/>
    <property name="SHLVL" value="1"/>
    <property name="_" value="/usr/bin/java"/>
    <property name="java.awt.printerjob" value="sun.lwawt.macosx.CPrinterJob"/>
    <property name="JAVA_HOME" value="/Library/Java/JavaVirtualMachines/jdk1.8.0_51.jdk/Contents/Home"/>
    <property name="sun.io.unicode.encoding" value="UnicodeBig"/>
    <property name="awt.toolkit" value="sun.lwawt.macosx.LWCToolkit"/>
    <property name="LOGNAME" value="wl41"/>
    <property name="socksNonProxyHosts" value="local|*.local|169.254/16|*.169.254/16"/>
    <property name="POM_PACKAGING" value="jar"/>
    <property name="ftp.nonProxyHosts" value="local|*.local|169.254/16|*.169.254/16"/>
    <property name="HOME" value="/Users/wl41"/>
    <property name="POM_GROUPID" value="com.NYU"/>
    <property name="user.home" value="/Users/wl41"/>
    <property name="BUILD_TAG" value="jenkins-AutomationTest1-3"/>
    <property name="JENKINS_SERVER_COOKIE" value="ddbe642fc63951cc"/>
    <property name="HUDSON_URL" value="http://localhost:8080/"/>
    <property name="XPC_SERVICE_NAME" value="0"/>
    <property name="java.specification.vendor" value="Oracle Corporation"/>
    <property name="CLASSPATH" value=""/>
    <property name="java.vendor.url" value="http://java.oracle.com/"/>
    <property name="java.library.path" value="/Users/wl41/Library/Java/Extensions:/Library/Java/Extensions:/Network/Library/Java/Extensions:/System/Library/Java/Extensions:/usr/lib/java:."/>
    <property name="_system_arch" value="x86_64"/>
    <property name="Apple_PubSub_Socket_Render" value="/private/tmp/com.apple.launchd.PQCISiL79x/Render"/>
    <property name="gopherProxySet" value="false"/>
    <property name="java.vm.vendor" value="Oracle Corporation"/>
    <property name="java.runtime.name" value="Java(TM) SE Runtime Environment"/>
    <property name="_system_version" value="10.13"/>
    <property name="maven.home" value="/Applications/apache-maven-3.5.4"/>
    <property name="java.class.path" value="/Users/wl41/.jenkins/plugins/maven-plugin/WEB-INF/lib/maven35-agent-1.12-alpha-1.jar:/Applications/apache-maven-3.5.4/boot/plexus-classworlds-2.5.2.jar:/Applications/apache-maven-3.5.4/conf/logging"/>
    <property name="sun.java.command" value="jenkins.maven3.agent.Maven35Main /Applications/apache-maven-3.5.4 /Users/wl41/.jenkins/war/WEB-INF/lib/remoting-3.25.jar /Users/wl41/.jenkins/plugins/maven-plugin/WEB-INF/lib/maven35-interceptor-1.12-alpha-1.jar /Users/wl41/.jenkins/plugins/maven-plugin/WEB-INF/lib/maven3-interceptor-commons-1.12-alpha-1.jar 53590"/>
    <property name="IRBRC" value="/Users/wl41/.rvm/rubies/ruby-2.3.1/.irbrc"/>
    <property name="java.vm.specification.name" value="Java Virtual Machine Specification"/>
    <property name="MY_RUBY_HOME" value="/Users/wl41/.rvm/rubies/ruby-2.3.1"/>
    <property name="PATH+JDK" value="/Library/Java/JavaVirtualMachines/jdk1.8.0_51.jdk/Contents/Home/bin"/>
    <property name="java.vm.specification.version" value="1.8"/>
    <property name="sun.os.patch.level" value="unknown"/>
    <property name="sun.cpu.endian" value="little"/>
    <property name="M2_HOME" value="/Applications/apache-maven-3.5.4"/>
    <property name="java.io.tmpdir" value="/var/folders/tl/r7p60zdd2yv85_555mclzzy1_g0yrr/T/"/>
    <property name="HUDSON_HOME" value="/Users/wl41/.jenkins"/>
    <property name="PATH+MAVEN" value="/Applications/apache-maven-3.5.4/bin"/>
    <property name="RUBY_VERSION" value="ruby-2.3.1"/>
    <property name="BUILD_URL" value="http://localhost:8080/job/AutomationTest1/3/"/>
    <property name="java.vendor.url.bug" value="http://bugreport.sun.com/bugreport/"/>
    <property name="JAVA_MAIN_CLASS_10917" value="Main"/>
    <property name="OLDPWD" value="/Users/wl41/Desktop"/>
    <property name="SSH_AUTH_SOCK" value="/private/tmp/com.apple.launchd.R9c2oYCvUW/Listeners"/>
    <property name="rvm_path" value="/Users/wl41/.rvm"/>
    <property name="java.awt.graphicsenv" value="sun.awt.CGraphicsEnvironment"/>
    <property name="os.arch" value="x86_64"/>
    <property name="rvm_bin_path" value="/Users/wl41/.rvm/bin"/>
    <property name="com.apple.java.jvmTask" value="CommandLine"/>
    <property name="_system_type" value="Darwin"/>
    <property name="java.ext.dirs" value="/Users/wl41/Library/Java/Extensions:/Library/Java/JavaVirtualMachines/jdk1.8.0_51.jdk/Contents/Home/jre/lib/ext:/Library/Java/Extensions:/Network/Library/Java/Extensions:/System/Library/Java/Extensions:/usr/lib/java"/>
    <property name="__CF_USER_TEXT_ENCODING" value="0x54F07B18:0x0:0x0"/>
    <property name="user.dir" value="/Users/wl41/Desktop/CucumberFramework/CucumberFramework"/>
    <property name="JOB_URL" value="http://localhost:8080/job/AutomationTest1/"/>
    <property name="line.separator" value="
"/>
    <property name="JAVA_ARCH" value="x86_64"/>
    <property name="MAVEN_HOME" value="/Applications/apache-maven-3.5.4"/>
    <property name="java.vm.name" value="Java HotSpot(TM) 64-Bit Server VM"/>
    <property name="BUILD_NUMBER" value="3"/>
    <property name="JENKINS_URL" value="http://localhost:8080/"/>
    <property name="TERM_PROGRAM_VERSION" value="404"/>
    <property name="_system_name" value="OSX"/>
    <property name="file.encoding" value="UTF-8"/>
    <property name="LANG" value="en_US.UTF-8"/>
    <property name="maven3.interceptor" value="/Users/wl41/.jenkins/plugins/maven-plugin/WEB-INF/lib/maven35-interceptor-1.12-alpha-1.jar"/>
    <property name="WORKSPACE" value="/Users/wl41/.jenkins/workspace/AutomationTest1"/>
    <property name="maven3.interceptor.common" value="/Users/wl41/.jenkins/plugins/maven-plugin/WEB-INF/lib/maven3-interceptor-commons-1.12-alpha-1.jar"/>
    <property name="GEM_PATH" value="file:/Users/wl41/.jenkins/plugins/ruby-runtime/WEB-INF/lib/stapler-jruby-1.209.jar!/gem"/>
    <property name="java.specification.version" value="1.8"/>
    <property name="USER" value="wl41"/>
  </properties>
</testsuite>